\BOOKMARK [1][-]{section.1}{\376\377\000I\000n\000t\000r\000o\000d\000u\000c\000t\000i\000o\000n}{}% 1
\BOOKMARK [2][-]{subsection.1.1}{\376\377\000P\000o\000l\000i\000c\000i\000e\000s}{section.1}% 2
\BOOKMARK [1][-]{section.2}{\376\377\000R\000e\000l\000a\000t\000e\000d\000\040\000W\000o\000r\000k}{}% 3
\BOOKMARK [1][-]{section.3}{\376\377\000M\000a\000i\000n\000\040\000T\000a\000k\000e\000a\000w\000a\000y}{}% 4
\BOOKMARK [1][-]{section.4}{\376\377\000E\000x\000p\000e\000r\000i\000m\000e\000n\000t\000s}{}% 5
\BOOKMARK [2][-]{subsection.4.1}{\376\377\000C\000o\000m\000p\000u\000t\000a\000t\000i\000o\000n\000a\000l\000\040\000e\000v\000i\000d\000e\000n\000c\000e\000\040\000\050\000t\000h\000r\000o\000u\000g\000h\000\040\000O\000D\000E\000s\000\051}{section.4}% 6
\BOOKMARK [1][-]{section.5}{\376\377\000M\000a\000i\000n\000\040\000R\000e\000s\000u\000l\000t\000s\000\040\000a\000n\000d\000\040\000S\000t\000a\000n\000d\000i\000n\000g\000\040\000H\000y\000p\000o\000t\000h\000e\000s\000i\000s}{}% 7
\BOOKMARK [2][-]{subsection.5.1}{\376\377\000S\000e\000t\000u\000p\000\040\000a\000n\000d\000\040\000n\000o\000t\000a\000t\000i\000o\000n}{section.5}% 8
\BOOKMARK [2][-]{subsection.5.2}{\376\377\000H\000y\000p\000o\000t\000h\000e\000s\000i\000s\000\040\000H\000\040\000\050\000s\000t\000a\000t\000i\000o\000n\000a\000r\000y\000\040\000c\000o\000n\000c\000e\000n\000t\000r\000a\000t\000i\000o\000n\000\051}{section.5}% 9
\BOOKMARK [2][-]{subsection.5.3}{\376\377\000S\000t\000a\000n\000d\000a\000l\000o\000n\000e\000\040\000O\000D\000E\000\040\000l\000o\000s\000s\000\040\000t\000h\000e\000o\000r\000e\000m\000s\000\040\000a\000s\000\040\000d\0002}{section.5}% 10
\BOOKMARK [2][-]{subsection.5.4}{\376\377\000P\000a\000t\000i\000e\000n\000t\000\040\000\040\000T\000A\000-\000G\000r\000e\000e\000d\000y\000\040\000d\000u\000a\000l\000i\000t\000y}{section.5}% 11
\BOOKMARK [1][-]{section.6}{\376\377\000T\000h\000e\000\040\000P\000o\000o\000l\000\040\000P\000r\000o\000c\000e\000s\000s}{}% 12
\BOOKMARK [1][-]{section.7}{\376\377\000M\000e\000a\000n\000-\000F\000i\000e\000l\000d\000\040\000A\000n\000a\000l\000y\000s\000i\000s\000\040\000u\000n\000d\000e\000r\000\040\000G\000r\000e\000e\000d\000y}{}% 13
\BOOKMARK [2][-]{subsection.7.1}{\376\377\000F\000l\000u\000i\000d\000-\000l\000i\000m\000i\000t\000\040\000d\000r\000i\000f\000t\000\040\000a\000n\000d\000\040\000K\000u\000r\000t\000z\000\040\000c\000o\000n\000v\000e\000r\000g\000e\000n\000c\000e}{section.7}% 14
\BOOKMARK [2][-]{subsection.7.2}{\376\377\000F\000i\000x\000e\000d\000-\000p\000o\000i\000n\000t\000\040\000s\000y\000s\000t\000e\000m\000\040\000a\000t\000\040\000f\000i\000n\000i\000t\000e\000\040\000\050\000d\0001\000,\000d\0002\000\051}{section.7}% 15
\BOOKMARK [2][-]{subsection.7.3}{\376\377\000A\000s\000y\000m\000p\000t\000o\000t\000i\000c\000s\000\040\000a\000s\000\040\000d\0002}{section.7}% 16
\BOOKMARK [2][-]{subsection.7.4}{\376\377\000T\000y\000p\000e\000-\000A\000w\000a\000r\000e\000\040\000G\000r\000e\000e\000d\000y}{section.7}% 17
\BOOKMARK [1][-]{section.8}{\376\377\000M\000e\000a\000n\000-\000F\000i\000e\000l\000d\000\040\000A\000n\000a\000l\000y\000s\000i\000s\000\040\000u\000n\000d\000e\000r\000\040\000P\000a\000t\000i\000e\000n\000t}{}% 18
\BOOKMARK [2][-]{subsection.8.1}{\376\377\000A\000s\000y\000m\000p\000t\000o\000t\000i\000c\000s\000\040\000a\000s\000\040\000d\0002}{section.8}% 19
\BOOKMARK [2][-]{subsection.8.2}{\376\377\000F\000i\000n\000i\000t\000e\000-\000d\0002\000\040\000c\000o\000r\000r\000e\000c\000t\000i\000o\000n\000\040\000i\000n\000\040\000c\000l\000o\000s\000e\000d\000\040\000f\000o\000r\000m}{section.8}% 20
\BOOKMARK [1][-]{section.9}{\376\377\000M\000e\000a\000n\000-\000F\000i\000e\000l\000d\000\040\000A\000n\000a\000l\000y\000s\000i\000s\000\040\000u\000n\000d\000e\000r\000\040\000T\000y\000p\000e\000-\000A\000w\000a\000r\000e\000\040\000P\000a\000t\000i\000e\000n\000t}{}% 21
\BOOKMARK [2][-]{subsection.9.1}{\376\377\000L\000i\000m\000i\000t\000\040\000d\0002\000\040\000a\000n\000d\000\040\000c\000l\000e\000a\000n\000\040\000i\000d\000e\000n\000t\000i\000t\000i\000e\000s}{section.9}% 22
\BOOKMARK [2][-]{subsection.9.2}{\376\377\000E\000x\000i\000s\000t\000e\000n\000c\000e\000\040\000a\000n\000d\000\040\000t\000h\000e\000\040\000l\000o\000c\000a\000l\000\040\000s\000y\000m\000m\000e\000t\000r\000i\000c\000\040\000b\000r\000a\000n\000c\000h}{section.9}% 23
\BOOKMARK [2][-]{subsection.9.3}{\376\377\000C\000o\000n\000v\000e\000r\000g\000e\000n\000c\000e\000\040\000i\000n\000\040\000d\0002}{section.9}% 24
\BOOKMARK [1][-]{section.10}{\376\377\000E\000x\000t\000e\000n\000s\000i\000o\000n\000:\000\040\000A\000s\000y\000m\000m\000e\000t\000r\000i\000c\000\040\000A\000r\000r\000i\000v\000a\000l\000\040\000R\000a\000t\000e\000s}{}% 25
